0 info it worked if it ends with ok
1 verbose cli [ 'C:\\Program Files\\nodejs\\node.exe',
1 verbose cli   'C:\\Program Files\\nodejs\\node_modules\\npm\\bin\\npm-cli.js',
1 verbose cli   'run-script',
1 verbose cli   'deploy' ]
2 info using npm@3.10.10
3 info using node@v6.11.3
4 verbose run-script [ 'predeploy', 'deploy', 'postdeploy' ]
5 info lifecycle aws-node-tutorial@1.0.0~predeploy: aws-node-tutorial@1.0.0
6 silly lifecycle aws-node-tutorial@1.0.0~predeploy: no script for predeploy, continuing
7 info lifecycle aws-node-tutorial@1.0.0~deploy: aws-node-tutorial@1.0.0
8 verbose lifecycle aws-node-tutorial@1.0.0~deploy: unsafe-perm in lifecycle true
9 verbose lifecycle aws-node-tutorial@1.0.0~deploy: PATH: C:\Program Files\nodejs\node_modules\npm\bin\node-gyp-bin;C:\Users\Joseph\Documents\Ecole\ING5\PFE\aws-node-tutorial\node_modules\.bin;C:\Users\Joseph\bin;C:\Program Files\Git\mingw64\bin;C:\Program Files\Git\usr\local\bin;C:\Program Files\Git\usr\bin;C:\Program Files\Git\usr\bin;C:\Program Files\Git\mingw64\bin;C:\Program Files\Git\usr\bin;C:\Users\Joseph\bin;C:\TreeTagger\bin;C:\Perl64\site\bin;C:\Perl64\bin;C:\ProgramData\Oracle\Java\javapath;C:\Program Files (x86)\Intel\iCLS Client;C:\Program Files\Intel\iCLS Client;C:\WINDOWS\system32;C:\WINDOWS;C:\WINDOWS\System32\Wbem;C:\WINDOWS\System32\WindowsPowerShell\v1.0;C:\Program Files (x86)\Windows Live\Shared;C:\Program Files\Intel\Intel(R) Management Engine Components\DAL;C:\Program Files\Intel\Intel(R) Management Engine Components\IPT;C:\Program Files (x86)\Intel\Intel(R) Management Engine Components\DAL;C:\Program Files (x86)\Intel\Intel(R) Management Engine Components\IPT;C:\Program Files (x86)\Intel\OpenCL SDK\2.0\bin\x86;C:\Program Files (x86)\Intel\OpenCL SDK\2.0\bin\x64;C:\Program Files\TortoiseSVN\bin;C:\Program Files\doxygen\bin;C:\Program Files (x86)\NVIDIA Corporation\PhysX\Common;C:\WINDOWS\system32;C:\WINDOWS;C:\WINDOWS\System32\Wbem;C:\WINDOWS\System32\WindowsPowerShell\v1.0;C:\wamp\bin\php\php5.5.12;C:\ProgramData\ComposerSetup\bin;C:\Program Files\TortoiseHg;C:\Program Files (x86)\Skype\Phone;C:\Program Files\nodejs;C:\Program Files\Microsoft SQL Server\Client SDK\ODBC\110\Tools\Binn;C:\Program Files (x86)\Microsoft SQL Server\120\Tools\Binn;C:\Program Files\Microsoft SQL Server\120\Tools\Binn;C:\Program Files\Microsoft SQL Server\120\DTS\Binn;C:\Program Files (x86)\Microsoft SQL Server\120\Tools\Binn\ManagementStudio;C:\Program Files (x86)\Microsoft SQL Server\120\DTS\Binn;C:\Program Files\Microsoft SQL Server\130\Tools\Binn;C:\Program Files\Git\cmd;C:\Program Files\Java\jdk1.8.0_121\bin;C:\apache-ant-1.10.1\bin;C:\Users\Joseph\Anaconda3;C:\Users\Joseph\Anaconda3\Scripts;C:\Users\Joseph\Anaconda3\Library\bin;C:\Users\Joseph\AppData\Local\Microsoft\WindowsApps;C:\Users\Joseph\AppData\Roaming\Composer\vendor\bin;C:\Users\Joseph\AppData\Roaming\npm;C:\Users\Joseph\AppData\Local\Android\sdk\platform-tools;C:\Users\Joseph\AppData\Local\atom\bin;C:\Program Files\Docker Toolbox;C:\Program Files\Git\usr\bin\vendor_perl;C:\Program Files\Git\usr\bin\core_perl
10 verbose lifecycle aws-node-tutorial@1.0.0~deploy: CWD: C:\Users\Joseph\Documents\Ecole\ING5\PFE\aws-node-tutorial
11 silly lifecycle aws-node-tutorial@1.0.0~deploy: Args: [ '/d /s /c', 'pm2 deploy ecosystem.config.js production' ]
12 silly lifecycle aws-node-tutorial@1.0.0~deploy: Returned: code: 1  signal: null
13 info lifecycle aws-node-tutorial@1.0.0~deploy: Failed to exec deploy script
14 verbose stack Error: aws-node-tutorial@1.0.0 deploy: `pm2 deploy ecosystem.config.js production`
14 verbose stack Exit status 1
14 verbose stack     at EventEmitter.<anonymous> (C:\Program Files\nodejs\node_modules\npm\lib\utils\lifecycle.js:255:16)
14 verbose stack     at emitTwo (events.js:106:13)
14 verbose stack     at EventEmitter.emit (events.js:191:7)
14 verbose stack     at ChildProcess.<anonymous> (C:\Program Files\nodejs\node_modules\npm\lib\utils\spawn.js:40:14)
14 verbose stack     at emitTwo (events.js:106:13)
14 verbose stack     at ChildProcess.emit (events.js:191:7)
14 verbose stack     at maybeClose (internal/child_process.js:920:16)
14 verbose stack     at Process.ChildProcess._handle.onexit (internal/child_process.js:230:5)
15 verbose pkgid aws-node-tutorial@1.0.0
16 verbose cwd C:\Users\Joseph\Documents\Ecole\ING5\PFE\aws-node-tutorial
17 error Windows_NT 10.0.15063
18 error argv "C:\\Program Files\\nodejs\\node.exe" "C:\\Program Files\\nodejs\\node_modules\\npm\\bin\\npm-cli.js" "run-script" "deploy"
19 error node v6.11.3
20 error npm  v3.10.10
21 error code ELIFECYCLE
22 error aws-node-tutorial@1.0.0 deploy: `pm2 deploy ecosystem.config.js production`
22 error Exit status 1
23 error Failed at the aws-node-tutorial@1.0.0 deploy script 'pm2 deploy ecosystem.config.js production'.
23 error Make sure you have the latest version of node.js and npm installed.
23 error If you do, this is most likely a problem with the aws-node-tutorial package,
23 error not with npm itself.
23 error Tell the author that this fails on your system:
23 error     pm2 deploy ecosystem.config.js production
23 error You can get information on how to open an issue for this project with:
23 error     npm bugs aws-node-tutorial
23 error Or if that isn't available, you can get their info via:
23 error     npm owner ls aws-node-tutorial
23 error There is likely additional logging output above.
24 verbose exit [ 1, true ]
